<?xml version="1.0" encoding="UTF-8"?>
<testsuite name="com.bridgelabz.hotelreservation.HotelReservationTest" tests="6" skipped="0" failures="0" errors="0" timestamp="2021-04-06T07:35:22" hostname="DESKTOP-2DC5FKU" time="0.052">
  <properties/>
  <testcase name="whenGivenHotel_WhenAdded_ShouldMatchTheAdded()" classname="com.bridgelabz.hotelreservation.HotelReservationTest" time="0.032"/>
  <testcase name="given3Hotels_whenGivenDatesIncludingWeekends_ShouldReturnCheapestHotel()" classname="com.bridgelabz.hotelreservation.HotelReservationTest" time="0.004"/>
  <testcase name="given3Hotels_whenGivenDates_ShouldReturnCheapestHotel()" classname="com.bridgelabz.hotelreservation.HotelReservationTest" time="0.005"/>
  <testcase name="givenWeekendRate_WhenAdded_ShouldMatch()" classname="com.bridgelabz.hotelreservation.HotelReservationTest" time="0.001"/>
  <testcase name="givenRating_WhenAdded_ShouldMatch()" classname="com.bridgelabz.hotelreservation.HotelReservationTest" time="0.001"/>
  <testcase name="given3Hotels_whenGivenDates_ShouldReturnCheapestHotelAsPerRating()" classname="com.bridgelabz.hotelreservation.HotelReservationTest" time="0.004"/>
  <system-out><![CDATA[]]></system-out>
  <system-err><![CDATA[]]></system-err>
</testsuite>
