<?xml version="1.0" encoding="UTF-8"?>
<testsuite name="com.bridgelabz.hotelreservationtest.HotelReservationTest" tests="1" skipped="0" failures="0" errors="0" timestamp="2021-03-27T03:50:17" hostname="DESKTOP-2DC5FKU" time="0.024">
  <properties/>
  <testcase name="givenHotelDetails_ShouldBeAddedToHotelDatails()" classname="com.bridgelabz.hotelreservationtest.HotelReservationTest" time="0.024"/>
  <system-out><![CDATA[]]></system-out>
  <system-err><![CDATA[]]></system-err>
</testsuite>
