<?xml version="1.0" encoding="UTF-8"?>
<testsuite name="com.bridgelabz.hotelreservation.HotelReservationTest" tests="7" skipped="0" failures="0" errors="0" timestamp="2021-04-06T08:02:47" hostname="DESKTOP-2DC5FKU" time="0.043">
  <properties/>
  <testcase name="given3Hotels_whenGivenDates_ShouldReturnBestRated()" classname="com.bridgelabz.hotelreservation.HotelReservationTest" time="0.023"/>
  <testcase name="whenGivenHotel_WhenAdded_ShouldMatchTheAdded()" classname="com.bridgelabz.hotelreservation.HotelReservationTest" time="0.001"/>
  <testcase name="given3Hotels_whenGivenDatesIncludingWeekends_ShouldReturnCheapestHotel()" classname="com.bridgelabz.hotelreservation.HotelReservationTest" time="0.003"/>
  <testcase name="given3Hotels_whenGivenDates_ShouldReturnCheapestHotel()" classname="com.bridgelabz.hotelreservation.HotelReservationTest" time="0.005"/>
  <testcase name="givenWeekendRate_WhenAdded_ShouldMatch()" classname="com.bridgelabz.hotelreservation.HotelReservationTest" time="0.001"/>
  <testcase name="givenRating_WhenAdded_ShouldMatch()" classname="com.bridgelabz.hotelreservation.HotelReservationTest" time="0.001"/>
  <testcase name="given3Hotels_whenGivenDates_ShouldReturnCheapestHotelAsPerRating()" classname="com.bridgelabz.hotelreservation.HotelReservationTest" time="0.003"/>
  <system-out><![CDATA[]]></system-out>
  <system-err><![CDATA[]]></system-err>
</testsuite>
